<?xml version="1.0" encoding="UTF-8"?>
<!-- Generated by org.testng.reporters.JUnitReportReporter -->
<testsuite hostname="apmosyslt0485" failures="0" tests="3" name="day44.Grouping_Test" time="0.015" errors="0" timestamp="2024-10-30T11:52:25 IST" skipped="0">
  <testcase classname="day44.Grouping_Test" name="loginbyphone" time="0.002"/>
  <testcase classname="day44.Grouping_Test" name="loginbyfacebook" time="0.011"/>
  <testcase classname="day44.Grouping_Test" name="loginbymail" time="0.002"/>
</testsuite> <!-- day44.Grouping_Test -->
