<?xml version="1.0" encoding="UTF-8"?>
<!-- Generated by org.testng.reporters.JUnitReportReporter -->
<testsuite hostname="apmosyslt0485" failures="0" tests="2" name="day44.Grouping_Test_verify" time="0.004" errors="0" timestamp="2024-10-30T11:52:25 IST" skipped="0">
  <testcase classname="day44.Grouping_Test_verify" name="payemntbyupi" time="0.002"/>
  <testcase classname="day44.Grouping_Test_verify" name="paymentbycard" time="0.002"/>
</testsuite> <!-- day44.Grouping_Test_verify -->
