<?xml version="1.0" encoding="UTF-8"?>
<!-- Generated by org.testng.reporters.JUnitReportReporter -->
<testsuite hostname="apmosyslt0485" failures="0" tests="3" name="day44.Grouping_signup" time="0.004" errors="0" timestamp="2024-10-28T17:12:23 IST" skipped="0">
  <testcase classname="day44.Grouping_signup" name="signupbyfacebook" time="0.002"/>
  <testcase classname="day44.Grouping_signup" name="singuobynumber" time="0.001"/>
  <testcase classname="day44.Grouping_signup" name="signupbymail" time="0.001"/>
</testsuite> <!-- day44.Grouping_signup -->
