<?xml version="1.0" encoding="UTF-8"?>
<!-- Generated by org.testng.reporters.JUnitReportReporter -->
<testsuite hostname="apmosyslt0485" failures="0" tests="1" name="testCases.TC_ApmosysLogin" time="4.948" errors="0" timestamp="2024-12-09T15:35:50 IST" skipped="0">
  <testcase classname="testCases.TC_ApmosysLogin" name="logintest" time="4.948"/>
</testsuite> <!-- testCases.TC_ApmosysLogin -->
