<?xml version="1.0" encoding="UTF-8"?>
<!-- Generated by org.testng.reporters.JUnitReportReporter -->
<testsuite hostname="apmosyslt0485" failures="0" tests="1" name="testCases.TC_02_Account_Login" time="1.675" errors="0" timestamp="2024-12-09T15:12:35 IST" skipped="0">
  <testcase classname="testCases.TC_02_Account_Login" name="login" time="1.675"/>
</testsuite> <!-- testCases.TC_02_Account_Login -->
