<?xml version="1.0" encoding="UTF-8"?>
<!-- Generated by org.testng.reporters.JUnitReportReporter -->
<testsuite hostname="apmosyslt0485" failures="0" tests="1" name="testCases.TC_01_Account_Register" time="2.093" errors="0" timestamp="2024-12-09T15:08:20 IST" skipped="0">
  <testcase classname="testCases.TC_01_Account_Register" name="verify_account_registretion" time="2.093"/>
</testsuite> <!-- testCases.TC_01_Account_Register -->
