<?xml version="1.0" encoding="UTF-8"?>
<!-- Generated by org.testng.reporters.JUnitReportReporter -->
<testsuite hostname="apmosyslt0485" failures="0" tests="1" name="pom.LoginTC" time="2.698" errors="0" timestamp="2024-11-07T14:59:23 IST" skipped="0">
  <testcase classname="pom.LoginTC" name="testlogin" time="2.698"/>
</testsuite> <!-- pom.LoginTC -->
