<?xml version="1.0" encoding="UTF-8"?>
<!-- Generated by org.testng.reporters.JUnitReportReporter -->
<testsuite hostname="apmosyslt0485" failures="0" tests="3" name="com.tutorialsninja.qa.testcases.Login" time="11.512" errors="0" timestamp="2024-12-09T15:28:09 IST" skipped="0">
  <testcase classname="com.tutorialsninja.qa.testcases.Login" name="verifyInvalidUserAndValidPassword" time="3.635"/>
  <testcase classname="com.tutorialsninja.qa.testcases.Login" name="verifyLoginWithInValidCredentials" time="3.786"/>
  <testcase classname="com.tutorialsninja.qa.testcases.Login" name="verifyLoginWithValidCredentials" time="4.091"/>
</testsuite> <!-- com.tutorialsninja.qa.testcases.Login -->
