<?xml version="1.0" encoding="UTF-8"?>
<!-- Generated by org.testng.reporters.JUnitReportReporter -->
<testsuite hostname="apmosyslt0485" failures="0" tests="2" name="com.tutorialsninja.qa.testcases.Search" time="1.194" errors="0" timestamp="2024-12-09T15:34:46 IST" skipped="0">
  <testcase classname="com.tutorialsninja.qa.testcases.Search" name="verifySearchWithValidProduct" time="0.665"/>
  <testcase classname="com.tutorialsninja.qa.testcases.Search" name="verifySearchwithnonExistingProduct" time="0.529"/>
</testsuite> <!-- com.tutorialsninja.qa.testcases.Search -->
